<?xml version="1.0" encoding="UTF-8"?>
<testng-results ignored="0" total="8" passed="8" failed="0" skipped="0">
  <reporter-output>
  </reporter-output>
  <suite started-at="2025-04-07T12:49:14 IST" name="Suite" finished-at="2025-04-07T12:54:25 IST" duration-ms="311257">
    <groups>
    </groups>
    <test started-at="2025-04-07T12:49:14 IST" name="Test1" finished-at="2025-04-07T12:50:01 IST" duration-ms="46419">
      <class name="test.Register_test">
        <test-method is-config="true" signature="urlloading()[pri:0, instance:test.Register_test@1f2586d6]" started-at="2025-04-07T12:49:14 IST" name="urlloading" finished-at="2025-04-07T12:49:19 IST" duration-ms="4839" status="PASS">
          <reporter-output>
          </reporter-output>
        </test-method> <!-- urlloading -->
        <test-method signature="test()[pri:0, instance:test.Register_test@1f2586d6]" started-at="2025-04-07T12:49:19 IST" name="test" finished-at="2025-04-07T12:50:01 IST" duration-ms="41516" status="PASS">
          <reporter-output>
          </reporter-output>
        </test-method> <!-- test -->
      </class> <!-- test.Register_test -->
    </test> <!-- Test1 -->
    <test started-at="2025-04-07T12:50:01 IST" name="Test2" finished-at="2025-04-07T12:52:48 IST" duration-ms="167077">
      <class name="test.Datadriven_test">
        <test-method is-config="true" signature="urlloading()[pri:0, instance:test.Datadriven_test@3bd82cf5]" started-at="2025-04-07T12:50:01 IST" name="urlloading" finished-at="2025-04-07T12:52:12 IST" duration-ms="131056" status="PASS">
          <reporter-output>
          </reporter-output>
        </test-method> <!-- urlloading -->
        <test-method signature="test()[pri:0, instance:test.Datadriven_test@3bd82cf5]" started-at="2025-04-07T12:52:12 IST" name="test" finished-at="2025-04-07T12:52:48 IST" duration-ms="36015" status="PASS">
          <reporter-output>
          </reporter-output>
        </test-method> <!-- test -->
      </class> <!-- test.Datadriven_test -->
    </test> <!-- Test2 -->
    <test started-at="2025-04-07T12:52:48 IST" name="Test3" finished-at="2025-04-07T12:53:46 IST" duration-ms="58573">
      <class name="test.Screenshot_test">
        <test-method is-config="true" signature="urlloading()[pri:0, instance:test.Screenshot_test@7770f470]" started-at="2025-04-07T12:52:48 IST" name="urlloading" finished-at="2025-04-07T12:53:36 IST" duration-ms="48177" status="PASS">
          <reporter-output>
          </reporter-output>
        </test-method> <!-- urlloading -->
        <test-method signature="test()[pri:0, instance:test.Screenshot_test@7770f470]" started-at="2025-04-07T12:53:36 IST" name="test" finished-at="2025-04-07T12:53:44 IST" duration-ms="7813" status="PASS">
          <reporter-output>
          </reporter-output>
        </test-method> <!-- test -->
        <test-method signature="test2()[pri:0, instance:test.Screenshot_test@7770f470]" started-at="2025-04-07T12:53:44 IST" name="test2" finished-at="2025-04-07T12:53:46 IST" duration-ms="2562" status="PASS">
          <reporter-output>
          </reporter-output>
        </test-method> <!-- test2 -->
      </class> <!-- test.Screenshot_test -->
    </test> <!-- Test3 -->
    <test started-at="2025-04-07T12:53:46 IST" name="Test4" finished-at="2025-04-07T12:54:02 IST" duration-ms="15363">
      <class name="test.Verification_test">
        <test-method is-config="true" signature="urlloading()[pri:0, instance:test.Verification_test@69453e37]" started-at="2025-04-07T12:53:46 IST" name="urlloading" finished-at="2025-04-07T12:53:55 IST" duration-ms="8641" status="PASS">
          <reporter-output>
          </reporter-output>
        </test-method> <!-- urlloading -->
        <test-method signature="test()[pri:0, instance:test.Verification_test@69453e37]" started-at="2025-04-07T12:53:55 IST" name="test" finished-at="2025-04-07T12:54:00 IST" duration-ms="4794" status="PASS">
          <reporter-output>
          </reporter-output>
        </test-method> <!-- test -->
        <test-method signature="windwhandle()[pri:0, instance:test.Verification_test@69453e37]" started-at="2025-04-07T12:54:00 IST" name="windwhandle" finished-at="2025-04-07T12:54:02 IST" duration-ms="1918" status="PASS">
          <reporter-output>
          </reporter-output>
        </test-method> <!-- windwhandle -->
      </class> <!-- test.Verification_test -->
    </test> <!-- Test4 -->
    <test started-at="2025-04-07T12:54:02 IST" name="Test5" finished-at="2025-04-07T12:54:15 IST" duration-ms="13188">
      <class name="test.Crossbrowser_test">
        <test-method is-config="true" signature="setup(java.lang.String)[pri:0, instance:test.Crossbrowser_test@4988d8b8]" started-at="2025-04-07T12:54:02 IST" name="setup" finished-at="2025-04-07T12:54:07 IST" duration-ms="5026" status="PASS">
          <params>
            <param index="0">
              <value>
                <![CDATA[edge]]>
              </value>
            </param>
          </params>
          <reporter-output>
          </reporter-output>
        </test-method> <!-- setup -->
        <test-method signature="url()[pri:0, instance:test.Crossbrowser_test@4988d8b8]" started-at="2025-04-07T12:54:07 IST" name="url" finished-at="2025-04-07T12:54:15 IST" duration-ms="8153" status="PASS">
          <reporter-output>
          </reporter-output>
        </test-method> <!-- url -->
      </class> <!-- test.Crossbrowser_test -->
    </test> <!-- Test5 -->
    <test started-at="2025-04-07T12:54:15 IST" name="Test6" finished-at="2025-04-07T12:54:25 IST" duration-ms="10455">
      <class name="test.Crossbrowser_test">
        <test-method is-config="true" signature="setup(java.lang.String)[pri:0, instance:test.Crossbrowser_test@66d18979]" started-at="2025-04-07T12:54:15 IST" name="setup" finished-at="2025-04-07T12:54:19 IST" duration-ms="3788" status="PASS">
          <params>
            <param index="0">
              <value>
                <![CDATA[chrome]]>
              </value>
            </param>
          </params>
          <reporter-output>
          </reporter-output>
        </test-method> <!-- setup -->
        <test-method signature="url()[pri:0, instance:test.Crossbrowser_test@66d18979]" started-at="2025-04-07T12:54:19 IST" name="url" finished-at="2025-04-07T12:54:25 IST" duration-ms="6633" status="PASS">
          <reporter-output>
          </reporter-output>
        </test-method> <!-- url -->
      </class> <!-- test.Crossbrowser_test -->
    </test> <!-- Test6 -->
  </suite> <!-- Suite -->
</testng-results>
